0 info it worked if it ends with ok
1 verbose cli [ 'C:\\Program Files\\nodejs\\node.exe',
1 verbose cli   'C:\\Program Files\\nodejs\\node_modules\\npm\\bin\\npm-cli.js',
1 verbose cli   'run',
1 verbose cli   'test' ]
2 info using npm@3.10.10
3 info using node@v6.10.2
4 verbose run-script [ 'pretest', 'test', 'posttest' ]
5 info lifecycle twiz-scrape@0.2.2~pretest: twiz-scrape@0.2.2
6 silly lifecycle twiz-scrape@0.2.2~pretest: no script for pretest, continuing
7 info lifecycle twiz-scrape@0.2.2~test: twiz-scrape@0.2.2
8 verbose lifecycle twiz-scrape@0.2.2~test: unsafe-perm in lifecycle true
9 verbose lifecycle twiz-scrape@0.2.2~test: PATH: C:\Program Files\nodejs\node_modules\npm\bin\node-gyp-bin;C:\dev\twiz-scrape\node_modules\.bin;C:\dev\Cmder\bin;C:\dev\Cmder\vendor\conemu-maximus5\ConEmu\Scripts;C:\dev\Cmder\vendor\conemu-maximus5;C:\dev\Cmder\vendor\conemu-maximus5\ConEmu;C:\Program Files (x86)\Ruby22\bin;C:\WINDOWS\system32;C:\WINDOWS;C:\WINDOWS\System32\Wbem;C:\WINDOWS\System32\WindowsPowerShell\v1.0\;C:\Program Files\Intel\WiFi\bin\;C:\Program Files\Common Files\Intel\WirelessCommon\;C:\Program Files\Git\cmd;C:\Program Files\Sublime Text 3\;C:\Program Files\MongoDB\Server\3.2\bin\;C:\Program Files (x86)\NVIDIA Corporation\PhysX\Common;C:\Program Files\wkhtmltopdf\bin;C:\Program Files (x86)\Windows Kits\8.1\Windows Performance Toolkit\;C:\Program Files\nodejs\;C:\Program Files (x86)\Yarn\bin;%SystemRoot%\system32;%SystemRoot%;%SystemRoot%\System32\Wbem;%SYSTEMROOT%\System32\WindowsPowerShell\v1.0\;C:\Program Files (x86)\Ruby22\bin;C:\Program Files\Intel\WiFi\bin\;C:\Program Files\Common Files\Intel\WirelessCommon\;C:\Users\JoséMaria\AppData\Local\Microsoft\WindowsApps;C:\Users\JoséMaria\AppData\Roaming\npm;C:\Users\JoséMaria\AppData\Local\Yarn\.bin;;C:\Program Files\Git\usr\bin;C:\Program Files\Git\usr\share\vim\vim74;C:\dev\Cmder\
10 verbose lifecycle twiz-scrape@0.2.2~test: CWD: C:\dev\twiz-scrape
11 silly lifecycle twiz-scrape@0.2.2~test: Args: [ '/d /s /c', 'mocha ./test' ]
12 silly lifecycle twiz-scrape@0.2.2~test: Returned: code: 1  signal: null
13 info lifecycle twiz-scrape@0.2.2~test: Failed to exec test script
14 verbose stack Error: twiz-scrape@0.2.2 test: `mocha ./test`
14 verbose stack Exit status 1
14 verbose stack     at EventEmitter.<anonymous> (C:\Program Files\nodejs\node_modules\npm\lib\utils\lifecycle.js:255:16)
14 verbose stack     at emitTwo (events.js:106:13)
14 verbose stack     at EventEmitter.emit (events.js:191:7)
14 verbose stack     at ChildProcess.<anonymous> (C:\Program Files\nodejs\node_modules\npm\lib\utils\spawn.js:40:14)
14 verbose stack     at emitTwo (events.js:106:13)
14 verbose stack     at ChildProcess.emit (events.js:191:7)
14 verbose stack     at maybeClose (internal/child_process.js:886:16)
14 verbose stack     at Process.ChildProcess._handle.onexit (internal/child_process.js:226:5)
15 verbose pkgid twiz-scrape@0.2.2
16 verbose cwd C:\dev\twiz-scrape
17 error Windows_NT 10.0.15063
18 error argv "C:\\Program Files\\nodejs\\node.exe" "C:\\Program Files\\nodejs\\node_modules\\npm\\bin\\npm-cli.js" "run" "test"
19 error node v6.10.2
20 error npm  v3.10.10
21 error code ELIFECYCLE
22 error twiz-scrape@0.2.2 test: `mocha ./test`
22 error Exit status 1
23 error Failed at the twiz-scrape@0.2.2 test script 'mocha ./test'.
23 error Make sure you have the latest version of node.js and npm installed.
23 error If you do, this is most likely a problem with the twiz-scrape package,
23 error not with npm itself.
23 error Tell the author that this fails on your system:
23 error     mocha ./test
23 error You can get information on how to open an issue for this project with:
23 error     npm bugs twiz-scrape
23 error Or if that isn't available, you can get their info via:
23 error     npm owner ls twiz-scrape
23 error There is likely additional logging output above.
24 verbose exit [ 1, true ]
